0 info it worked if it ends with ok
1 verbose cli [ '/Users/stacygoh/.nvm/versions/node/v6.9.4/bin/node',
1 verbose cli   '/Users/stacygoh/.nvm/versions/node/v6.9.4/bin/npm',
1 verbose cli   'start' ]
2 info using npm@3.10.10
3 info using node@v6.9.4
4 verbose run-script [ 'prestart', 'start', 'poststart' ]
5 info lifecycle facebook-bot-template@0.0.1~prestart: facebook-bot-template@0.0.1
6 silly lifecycle facebook-bot-template@0.0.1~prestart: no script for prestart, continuing
7 info lifecycle facebook-bot-template@0.0.1~start: facebook-bot-template@0.0.1
8 verbose lifecycle facebook-bot-template@0.0.1~start: unsafe-perm in lifecycle true
9 verbose lifecycle facebook-bot-template@0.0.1~start: PATH: /Users/stacygoh/.nvm/versions/node/v6.9.4/lib/node_modules/npm/bin/node-gyp-bin:/Users/stacygoh/facebook-bot-template/node_modules/.bin:/Library/Frameworks/Python.framework/Versions/3.6/bin:/Users/stacygoh/.rvm/gems/ruby-2.2.5/bin:/Users/stacygoh/.rvm/gems/ruby-2.2.5@global/bin:/Users/stacygoh/.rvm/rubies/ruby-2.2.5/bin:/Users/stacygoh/.nvm/versions/node/v6.9.4/bin:/opt/local/bin:/opt/local/sbin:/usr/local/mysql/bin/:/Users/stacygoh/scripts:/Users/stacygoh/Library/Python/3.6/bin:/usr/local/bin:/usr/bin:/bin:/usr/sbin:/sbin:/usr/local/git/bin:/Users/stacygoh/development/android-sdk-macosx/tools:/Users/stacygoh/development/android-sdk-macosx/platform-tools:/Users/stacygoh/apache-cassandra-3.11.0/bin:/Users/stacygoh/.rvm/bin
10 verbose lifecycle facebook-bot-template@0.0.1~start: CWD: /Users/stacygoh/facebook-bot-template
11 silly lifecycle facebook-bot-template@0.0.1~start: Args: [ '-c', 'NODE_ENV=development node index.js' ]
12 silly lifecycle facebook-bot-template@0.0.1~start: Returned: code: 1  signal: null
13 info lifecycle facebook-bot-template@0.0.1~start: Failed to exec start script
14 verbose stack Error: facebook-bot-template@0.0.1 start: `NODE_ENV=development node index.js`
14 verbose stack Exit status 1
14 verbose stack     at EventEmitter.<anonymous> (/Users/stacygoh/.nvm/versions/node/v6.9.4/lib/node_modules/npm/lib/utils/lifecycle.js:255:16)
14 verbose stack     at emitTwo (events.js:106:13)
14 verbose stack     at EventEmitter.emit (events.js:191:7)
14 verbose stack     at ChildProcess.<anonymous> (/Users/stacygoh/.nvm/versions/node/v6.9.4/lib/node_modules/npm/lib/utils/spawn.js:40:14)
14 verbose stack     at emitTwo (events.js:106:13)
14 verbose stack     at ChildProcess.emit (events.js:191:7)
14 verbose stack     at maybeClose (internal/child_process.js:877:16)
14 verbose stack     at Process.ChildProcess._handle.onexit (internal/child_process.js:226:5)
15 verbose pkgid facebook-bot-template@0.0.1
16 verbose cwd /Users/stacygoh/facebook-bot-template
17 error Darwin 16.4.0
18 error argv "/Users/stacygoh/.nvm/versions/node/v6.9.4/bin/node" "/Users/stacygoh/.nvm/versions/node/v6.9.4/bin/npm" "start"
19 error node v6.9.4
20 error npm  v3.10.10
21 error code ELIFECYCLE
22 error facebook-bot-template@0.0.1 start: `NODE_ENV=development node index.js`
22 error Exit status 1
23 error Failed at the facebook-bot-template@0.0.1 start script 'NODE_ENV=development node index.js'.
23 error Make sure you have the latest version of node.js and npm installed.
23 error If you do, this is most likely a problem with the facebook-bot-template package,
23 error not with npm itself.
23 error Tell the author that this fails on your system:
23 error     NODE_ENV=development node index.js
23 error You can get information on how to open an issue for this project with:
23 error     npm bugs facebook-bot-template
23 error Or if that isn't available, you can get their info via:
23 error     npm owner ls facebook-bot-template
23 error There is likely additional logging output above.
24 verbose exit [ 1, true ]
